<?xml version="1.0" encoding="UTF-8"?>
<!-- Generated by org.testng.reporters.JUnitReportReporter -->
<testsuite hostname="ADMIN-PC" failures="0" tests="1" name="com.selenium.TestNG.Login_Mutua_lFund" time="0.011" errors="0" timestamp="2022-03-05T11:51:55 IST" skipped="0">
  <testcase classname="com.selenium.TestNG.Login_Mutua_lFund" name="f" time="0.011"/>
  <system-out/>
</testsuite> <!-- com.selenium.TestNG.Login_Mutua_lFund -->
