<?xml version="1.0" encoding="UTF-8"?>
<!-- Generated by org.testng.reporters.JUnitReportReporter -->
<testsuite hostname="ADMIN-PC" failures="0" tests="1" name="com.selenium.webobject.Code_For_MouseHandle_7" time="73.913" errors="0" timestamp="2022-03-18T17:40:54 IST" skipped="0">
  <testcase classname="com.selenium.webobject.Code_For_MouseHandle_7" name="Code_For_MouseHandle_Test" time="73.913"/>
  <system-out/>
</testsuite> <!-- com.selenium.webobject.Code_For_MouseHandle_7 -->
